<?xml version="1.0" encoding="UTF-8"?>
<!-- Generated by org.testng.reporters.JUnitReportReporter -->
<testsuite hostname="ForeVision" failures="0" tests="1" name="com.Scripts.TestLoginPase" time="38.398" errors="0" timestamp="2020-06-30T11:19:30 IST" skipped="0">
  <testcase classname="com.Scripts.TestLoginPase" name="loginPage" time="38.398"/>
</testsuite> <!-- com.Scripts.TestLoginPase -->
